SF:lib/ui/layouts/updateDisplayName/screens/update_display_name_portrait.dart
DA:10,1
DA:13,1
DA:16,3
DA:18,0
DA:20,0
DA:21,0
DA:22,0
DA:23,0
DA:32,0
DA:33,0
DA:35,0
DA:36,0
DA:37,0
DA:38,0
DA:40,0
DA:42,0
DA:43,0
DA:44,0
DA:45,0
DA:46,0
DA:47,0
DA:49,0
DA:52,0
DA:54,0
DA:56,0
DA:57,0
DA:66,0
DA:67,0
DA:68,0
DA:69,0
DA:70,0
DA:71,0
DA:72,0
DA:73,0
DA:79,0
DA:81,0
DA:82,0
DA:83,0
DA:85,0
DA:86,0
DA:89,0
DA:90,0
DA:91,0
DA:92,0
DA:93,0
DA:97,0
DA:99,0
DA:101,0
DA:102,0
DA:103,0
DA:105,0
DA:106,0
DA:107,0
DA:109,0
DA:113,0
DA:114,0
DA:116,0
LF:57
LH:3
end_of_record
SF:lib/core/constants.dart
DA:34,0
LF:1
LH:0
end_of_record
SF:lib/data/services/logger.dart
DA:17,0
DA:18,0
DA:21,0
DA:23,0
DA:27,0
DA:29,0
LF:6
LH:0
end_of_record
SF:lib/ui/providers/displayname_controller_provider.dart
DA:4,3
DA:5,0
DA:7,0
LF:3
LH:1
end_of_record
